Using pre-set license
Built from '2020.3/release' branch; Version is '2020.3.1f1 (77a89f25062f) revision 7841951'; Using compiler version '192528614'; Build Type 'Release'
OS: 'Windows 10 Pro; OS build 22621.1413; Version 2009; 64bit' Language: 'en' Physical Memory: 16337 MB
BatchMode: 1, IsHumanControllingUs: 0, StartBugReporterOnCrash: 0, Is64bit: 1, IsPro: 0

 COMMAND LINE ARGUMENTS:
C:\Program Files\Unity\Hub\Editor\2020.3.1f1\Editor\Unity.exe
-adb2
-batchMode
-noUpm
-name
AssetImportWorker0
-projectPath
C:/Users/yigit/Desktop/Project1/ProjectName1
-logFile
Logs/AssetImportWorker0.log
-srvPort
57501
Successfully changed project path to: C:/Users/yigit/Desktop/Project1/ProjectName1
C:/Users/yigit/Desktop/Project1/ProjectName1
Using Asset Import Pipeline V2.
Refreshing native plugins compatible for Editor in 25.53 ms, found 0 plugins.
Preloading 0 native plugins for Editor in 0.00 ms.
Initialize engine version: 2020.3.1f1 (77a89f25062f)
[Subsystems] Discovering subsystems at path C:/Program Files/Unity/Hub/Editor/2020.3.1f1/Editor/Data/Resources/UnitySubsystems
[Subsystems] Discovering subsystems at path C:/Users/yigit/Desktop/Project1/ProjectName1/Assets
GfxDevice: creating device client; threaded=0
Direct3D:
    Version:  Direct3D 11.0 [level 11.1]
    Renderer: Radeon RX 590 Series (ID=0x67df)
    Vendor:   
    VRAM:     8170 MB
    Driver:   31.0.14033.1012
Initialize mono
Mono path[0] = 'C:/Program Files/Unity/Hub/Editor/2020.3.1f1/Editor/Data/Managed'
Mono path[1] = 'C:/Program Files/Unity/Hub/Editor/2020.3.1f1/Editor/Data/MonoBleedingEdge/lib/mono/unityjit'
Mono config path = 'C:/Program Files/Unity/Hub/Editor/2020.3.1f1/Editor/Data/MonoBleedingEdge/etc'
Using monoOptions --debugger-agent=transport=dt_socket,embedding=1,server=y,suspend=n,address=127.0.0.1:56920
Begin MonoManager ReloadAssembly
Registering precompiled unity dll's ...
Register platform support module: C:/Program Files/Unity/Hub/Editor/2020.3.1f1/Editor/Data/PlaybackEngines/WebGLSupport/UnityEditor.WebGL.Extensions.dll
Register platform support module: C:/Program Files/Unity/Hub/Editor/2020.3.1f1/Editor/Data/PlaybackEngines/MacStandaloneSupport/UnityEditor.OSXStandalone.Extensions.dll
Register platform support module: C:/Program Files/Unity/Hub/Editor/2020.3.1f1/Editor/Data/PlaybackEngines/WindowsStandaloneSupport/UnityEditor.WindowsStandalone.Extensions.dll
Registered in 0.003278 seconds.
Native extension for WindowsStandalone target not found
Native extension for OSXStandalone target not found
Native extension for WebGL target not found
Refreshing native plugins compatible for Editor in 26.60 ms, found 0 plugins.
Preloading 0 native plugins for Editor in 0.00 ms.
Invoked RoslynAnalysisRunner static constructor.
RoslynAnalysisRunner will not be running.
RoslynAnalysisRunner has terminated.
Mono: successfully reloaded assembly
- Completed reload, in  1.595 seconds
Platform modules already initialized, skipping
Registering precompiled user dll's ...
Registered in 0.000819 seconds.
Begin MonoManager ReloadAssembly
Native extension for WindowsStandalone target not found
Native extension for OSXStandalone target not found
Native extension for WebGL target not found
Refreshing native plugins compatible for Editor in 0.21 ms, found 0 plugins.
Preloading 0 native plugins for Editor in 0.00 ms.
Invoked RoslynAnalysisRunner static constructor.
RoslynAnalysisRunner will not be running.
RoslynAnalysisRunner has terminated.
Mono: successfully reloaded assembly
- Completed reload, in  0.922 seconds
Platform modules already initialized, skipping
========================================================================
Worker process is ready to serve import requests
Launched and connected shader compiler UnityShaderCompiler.exe after 0.07 seconds
Refreshing native plugins compatible for Editor in 0.25 ms, found 0 plugins.
Preloading 0 native plugins for Editor in 0.00 ms.
Unloading 1264 Unused Serialized files (Serialized files now loaded: 0)
System memory in use before: 80.7 MB.
System memory in use after: 80.8 MB.

Unloading 11 unused Assets to reduce memory usage. Loaded Objects now: 1726.
Total: 2.004300 ms (FindLiveObjects: 0.181200 ms CreateObjectMapping: 0.035800 ms MarkObjects: 1.693600 ms  DeleteObjects: 0.092700 ms)

========================================================================
Received Import Request.
  path: Assets/Scorer.cs
  artifactKey: Guid(de0812ac1cce8b043bc42f2f59b50c06) Importer(815301076,1909f56bfc062723c751e8b465ee728b)
Start importing Assets/Scorer.cs using Guid(de0812ac1cce8b043bc42f2f59b50c06) Importer(815301076,1909f56bfc062723c751e8b465ee728b)  -> (artifact id: '437c1bc061cfb90c6d03beeaef4d80d2') in 0.035432 seconds
  Import took 0.037530 seconds .

========================================================================
Received Import Request.
  Time since last request: 18.322138 seconds.
  path: Assets/Scorer.cs
  artifactKey: Guid(de0812ac1cce8b043bc42f2f59b50c06) Importer(815301076,1909f56bfc062723c751e8b465ee728b)
Start importing Assets/Scorer.cs using Guid(de0812ac1cce8b043bc42f2f59b50c06) Importer(815301076,1909f56bfc062723c751e8b465ee728b)  -> (artifact id: '7ea5ae8d91c8484723e0f4e60a0cbedb') in 0.002979 seconds
  Import took 0.006676 seconds .

========================================================================
Received Import Request.
  Time since last request: 41.424975 seconds.
  path: Assets/Scorer.cs
  artifactKey: Guid(de0812ac1cce8b043bc42f2f59b50c06) Importer(815301076,1909f56bfc062723c751e8b465ee728b)
Start importing Assets/Scorer.cs using Guid(de0812ac1cce8b043bc42f2f59b50c06) Importer(815301076,1909f56bfc062723c751e8b465ee728b)  -> (artifact id: '40247d60c51a1e3fda3e62fd20c5e8bf') in 0.003400 seconds
  Import took 0.006094 seconds .

========================================================================
Received Prepare
Registering precompiled user dll's ...
Registered in 0.000806 seconds.
Begin MonoManager ReloadAssembly
Native extension for WindowsStandalone target not found
Native extension for OSXStandalone target not found
Native extension for WebGL target not found
Refreshing native plugins compatible for Editor in 0.22 ms, found 0 plugins.
Preloading 0 native plugins for Editor in 0.00 ms.
Invoked RoslynAnalysisRunner static constructor.
RoslynAnalysisRunner will not be running.
RoslynAnalysisRunner has terminated.
Mono: successfully reloaded assembly
- Completed reload, in  0.838 seconds
Platform modules already initialized, skipping
Refreshing native plugins compatible for Editor in 0.24 ms, found 0 plugins.
Preloading 0 native plugins for Editor in 0.00 ms.
Unloading 1259 Unused Serialized files (Serialized files now loaded: 0)
System memory in use before: 80.7 MB.
System memory in use after: 80.8 MB.

Unloading 6 unused Assets to reduce memory usage. Loaded Objects now: 1730.
Total: 1.782800 ms (FindLiveObjects: 0.162700 ms CreateObjectMapping: 0.033700 ms MarkObjects: 1.523900 ms  DeleteObjects: 0.061300 ms)

========================================================================
Received Import Request.
  Time since last request: 17.964913 seconds.
  path: Assets/Scorer.cs
  artifactKey: Guid(de0812ac1cce8b043bc42f2f59b50c06) Importer(815301076,1909f56bfc062723c751e8b465ee728b)
Start importing Assets/Scorer.cs using Guid(de0812ac1cce8b043bc42f2f59b50c06) Importer(815301076,1909f56bfc062723c751e8b465ee728b)  -> (artifact id: 'f17d6d01f4b0d620f3111edb2d91dc42') in 0.004640 seconds
  Import took 0.006693 seconds .

========================================================================
Received Prepare
Registering precompiled user dll's ...
Registered in 0.000831 seconds.
Begin MonoManager ReloadAssembly
Native extension for WindowsStandalone target not found
Native extension for OSXStandalone target not found
Native extension for WebGL target not found
Refreshing native plugins compatible for Editor in 0.23 ms, found 0 plugins.
Preloading 0 native plugins for Editor in 0.00 ms.
Invoked RoslynAnalysisRunner static constructor.
RoslynAnalysisRunner will not be running.
RoslynAnalysisRunner has terminated.
Mono: successfully reloaded assembly
- Completed reload, in  0.846 seconds
Platform modules already initialized, skipping
Refreshing native plugins compatible for Editor in 0.26 ms, found 0 plugins.
Preloading 0 native plugins for Editor in 0.00 ms.
Unloading 1258 Unused Serialized files (Serialized files now loaded: 0)
System memory in use before: 80.7 MB.
System memory in use after: 80.8 MB.

Unloading 6 unused Assets to reduce memory usage. Loaded Objects now: 1733.
Total: 1.875600 ms (FindLiveObjects: 0.185400 ms CreateObjectMapping: 0.033100 ms MarkObjects: 1.570400 ms  DeleteObjects: 0.085200 ms)

========================================================================
Received Import Request.
  Time since last request: 342.302428 seconds.
  path: Assets/Scorer.cs
  artifactKey: Guid(de0812ac1cce8b043bc42f2f59b50c06) Importer(815301076,1909f56bfc062723c751e8b465ee728b)
Start importing Assets/Scorer.cs using Guid(de0812ac1cce8b043bc42f2f59b50c06) Importer(815301076,1909f56bfc062723c751e8b465ee728b)  -> (artifact id: '3045e5206488cf831af24f16796bb61f') in 0.005306 seconds
  Import took 0.007501 seconds .

========================================================================
Received Import Request.
  Time since last request: 1.168679 seconds.
  path: Assets/Scorer.cs
  artifactKey: Guid(de0812ac1cce8b043bc42f2f59b50c06) Importer(815301076,1909f56bfc062723c751e8b465ee728b)
Start importing Assets/Scorer.cs using Guid(de0812ac1cce8b043bc42f2f59b50c06) Importer(815301076,1909f56bfc062723c751e8b465ee728b)  -> (artifact id: '3045e5206488cf831af24f16796bb61f') in 0.002367 seconds
  Import took 0.004431 seconds .

========================================================================
Received Prepare
Registering precompiled user dll's ...
Registered in 0.000780 seconds.
Begin MonoManager ReloadAssembly
Native extension for WindowsStandalone target not found
Native extension for OSXStandalone target not found
Native extension for WebGL target not found
Refreshing native plugins compatible for Editor in 0.30 ms, found 0 plugins.
Preloading 0 native plugins for Editor in 0.00 ms.
Invoked RoslynAnalysisRunner static constructor.
RoslynAnalysisRunner will not be running.
RoslynAnalysisRunner has terminated.
Mono: successfully reloaded assembly
- Completed reload, in  0.866 seconds
Platform modules already initialized, skipping
Refreshing native plugins compatible for Editor in 0.24 ms, found 0 plugins.
Preloading 0 native plugins for Editor in 0.00 ms.
Unloading 1258 Unused Serialized files (Serialized files now loaded: 0)
System memory in use before: 80.7 MB.
System memory in use after: 80.8 MB.

Unloading 6 unused Assets to reduce memory usage. Loaded Objects now: 1736.
Total: 1.918100 ms (FindLiveObjects: 0.257700 ms CreateObjectMapping: 0.053500 ms MarkObjects: 1.540300 ms  DeleteObjects: 0.065200 ms)

========================================================================
Received Prepare
Registering precompiled user dll's ...
Registered in 0.001046 seconds.
Begin MonoManager ReloadAssembly
Native extension for WindowsStandalone target not found
Native extension for OSXStandalone target not found
Native extension for WebGL target not found
Refreshing native plugins compatible for Editor in 0.21 ms, found 0 plugins.
Preloading 0 native plugins for Editor in 0.00 ms.
Invoked RoslynAnalysisRunner static constructor.
RoslynAnalysisRunner will not be running.
RoslynAnalysisRunner has terminated.
Mono: successfully reloaded assembly
- Completed reload, in  0.828 seconds
Platform modules already initialized, skipping
Refreshing native plugins compatible for Editor in 0.29 ms, found 0 plugins.
Preloading 0 native plugins for Editor in 0.00 ms.
Unloading 1258 Unused Serialized files (Serialized files now loaded: 0)
System memory in use before: 80.8 MB.
System memory in use after: 80.8 MB.

Unloading 6 unused Assets to reduce memory usage. Loaded Objects now: 1739.
Total: 1.728600 ms (FindLiveObjects: 0.181800 ms CreateObjectMapping: 0.034200 ms MarkObjects: 1.448800 ms  DeleteObjects: 0.063000 ms)

========================================================================
Received Import Request.
  Time since last request: 362.969678 seconds.
  path: Assets/Scripts
  artifactKey: Guid(44ee1fa50249dfd4291379f5a8eb4265) Importer(815301076,1909f56bfc062723c751e8b465ee728b)
Start importing Assets/Scripts using Guid(44ee1fa50249dfd4291379f5a8eb4265) Importer(815301076,1909f56bfc062723c751e8b465ee728b)  -> (artifact id: '4b2f34ca64c667f03adfe2f5258f71bb') in 0.009584 seconds
  Import took 0.011850 seconds .

========================================================================
Received Import Request.
  Time since last request: 1.008636 seconds.
  path: Assets/Movement.cs
  artifactKey: Guid(176cfb1216bce2140883f47796ad7ea6) Importer(815301076,1909f56bfc062723c751e8b465ee728b)
Start importing Assets/Movement.cs using Guid(176cfb1216bce2140883f47796ad7ea6) Importer(815301076,1909f56bfc062723c751e8b465ee728b)  -> (artifact id: 'a155b0c399284b9bd17f44f1bc4d9fe9') in 0.009820 seconds
  Import took 0.012189 seconds .

========================================================================
Received Prepare
Registering precompiled user dll's ...
Registered in 0.000791 seconds.
Begin MonoManager ReloadAssembly
Native extension for WindowsStandalone target not found
Native extension for OSXStandalone target not found
Native extension for WebGL target not found
Refreshing native plugins compatible for Editor in 0.21 ms, found 0 plugins.
Preloading 0 native plugins for Editor in 0.00 ms.
Invoked RoslynAnalysisRunner static constructor.
RoslynAnalysisRunner will not be running.
RoslynAnalysisRunner has terminated.
Mono: successfully reloaded assembly
- Completed reload, in  0.833 seconds
Platform modules already initialized, skipping
Refreshing native plugins compatible for Editor in 0.22 ms, found 0 plugins.
Preloading 0 native plugins for Editor in 0.00 ms.
Unloading 1258 Unused Serialized files (Serialized files now loaded: 0)
System memory in use before: 80.8 MB.
System memory in use after: 80.8 MB.

Unloading 6 unused Assets to reduce memory usage. Loaded Objects now: 1742.
Total: 1.745000 ms (FindLiveObjects: 0.170100 ms CreateObjectMapping: 0.030900 ms MarkObjects: 1.481500 ms  DeleteObjects: 0.061500 ms)

========================================================================
Received Import Request.
  Time since last request: 40.374560 seconds.
  path: Assets/Materials/ObstackeMaterial.mat
  artifactKey: Guid(f323610c377684c4c9a1ef398aeadec2) Importer(815301076,1909f56bfc062723c751e8b465ee728b)
Start importing Assets/Materials/ObstackeMaterial.mat using Guid(f323610c377684c4c9a1ef398aeadec2) Importer(815301076,1909f56bfc062723c751e8b465ee728b)  -> (artifact id: '7169b60d2ab4fdd41a6eff685be1f190') in 0.100188 seconds
  Import took 0.102659 seconds .

========================================================================
Received Prepare
Registering precompiled user dll's ...
Registered in 0.000859 seconds.
Begin MonoManager ReloadAssembly
Native extension for WindowsStandalone target not found
Native extension for OSXStandalone target not found
Native extension for WebGL target not found
Refreshing native plugins compatible for Editor in 0.26 ms, found 0 plugins.
Preloading 0 native plugins for Editor in 0.00 ms.
Invoked RoslynAnalysisRunner static constructor.
RoslynAnalysisRunner will not be running.
RoslynAnalysisRunner has terminated.
Mono: successfully reloaded assembly
- Completed reload, in  0.905 seconds
Platform modules already initialized, skipping
Refreshing native plugins compatible for Editor in 0.22 ms, found 0 plugins.
Preloading 0 native plugins for Editor in 0.00 ms.
Unloading 1258 Unused Serialized files (Serialized files now loaded: 0)
System memory in use before: 84.1 MB.
System memory in use after: 84.2 MB.

Unloading 6 unused Assets to reduce memory usage. Loaded Objects now: 1785.
Total: 1.773800 ms (FindLiveObjects: 0.178800 ms CreateObjectMapping: 0.031700 ms MarkObjects: 1.500700 ms  DeleteObjects: 0.061900 ms)

========================================================================
Received Import Request.
  Time since last request: 268.186658 seconds.
  path: Assets/Scripts/Dropper.cs
  artifactKey: Guid(1a65edc87b44b194fb57b7aa9a8196e7) Importer(815301076,1909f56bfc062723c751e8b465ee728b)
Start importing Assets/Scripts/Dropper.cs using Guid(1a65edc87b44b194fb57b7aa9a8196e7) Importer(815301076,1909f56bfc062723c751e8b465ee728b)  -> (artifact id: '99cd4bd863600249d64e5055be94b78f') in 0.010548 seconds
  Import took 0.012764 seconds .

========================================================================
Received Prepare
Registering precompiled user dll's ...
Registered in 0.000740 seconds.
Begin MonoManager ReloadAssembly
Native extension for WindowsStandalone target not found
Native extension for OSXStandalone target not found
Native extension for WebGL target not found
Refreshing native plugins compatible for Editor in 0.23 ms, found 0 plugins.
Preloading 0 native plugins for Editor in 0.00 ms.
Invoked RoslynAnalysisRunner static constructor.
RoslynAnalysisRunner will not be running.
RoslynAnalysisRunner has terminated.
Mono: successfully reloaded assembly
- Completed reload, in  0.828 seconds
Platform modules already initialized, skipping
Refreshing native plugins compatible for Editor in 0.21 ms, found 0 plugins.
Preloading 0 native plugins for Editor in 0.00 ms.
Unloading 1259 Unused Serialized files (Serialized files now loaded: 0)
System memory in use before: 84.1 MB.
System memory in use after: 84.2 MB.

Unloading 6 unused Assets to reduce memory usage. Loaded Objects now: 1789.
Total: 1.846400 ms (FindLiveObjects: 0.192500 ms CreateObjectMapping: 0.035500 ms MarkObjects: 1.554900 ms  DeleteObjects: 0.062700 ms)

========================================================================
Received Import Request.
  Time since last request: 51.136706 seconds.
  path: Assets/Scripts/Dropper.cs
  artifactKey: Guid(1a65edc87b44b194fb57b7aa9a8196e7) Importer(815301076,1909f56bfc062723c751e8b465ee728b)
Start importing Assets/Scripts/Dropper.cs using Guid(1a65edc87b44b194fb57b7aa9a8196e7) Importer(815301076,1909f56bfc062723c751e8b465ee728b)  -> (artifact id: 'f5f10942f32f7fe5a4cfe56520f7e0a7') in 0.005707 seconds
  Import took 0.008084 seconds .

========================================================================
Received Prepare
Registering precompiled user dll's ...
Registered in 0.000786 seconds.
Begin MonoManager ReloadAssembly
Native extension for WindowsStandalone target not found
Native extension for OSXStandalone target not found
Native extension for WebGL target not found
Refreshing native plugins compatible for Editor in 0.22 ms, found 0 plugins.
Preloading 0 native plugins for Editor in 0.00 ms.
Invoked RoslynAnalysisRunner static constructor.
RoslynAnalysisRunner will not be running.
RoslynAnalysisRunner has terminated.
Mono: successfully reloaded assembly
- Completed reload, in  0.816 seconds
Platform modules already initialized, skipping
Refreshing native plugins compatible for Editor in 0.21 ms, found 0 plugins.
Preloading 0 native plugins for Editor in 0.00 ms.
Unloading 1259 Unused Serialized files (Serialized files now loaded: 0)
System memory in use before: 84.1 MB.
System memory in use after: 84.2 MB.

Unloading 6 unused Assets to reduce memory usage. Loaded Objects now: 1792.
Total: 1.766000 ms (FindLiveObjects: 0.209500 ms CreateObjectMapping: 0.031500 ms MarkObjects: 1.460500 ms  DeleteObjects: 0.063000 ms)

========================================================================
Received Import Request.
  Time since last request: 37.460901 seconds.
  path: Assets/Scripts/Dropper.cs
  artifactKey: Guid(1a65edc87b44b194fb57b7aa9a8196e7) Importer(815301076,1909f56bfc062723c751e8b465ee728b)
Start importing Assets/Scripts/Dropper.cs using Guid(1a65edc87b44b194fb57b7aa9a8196e7) Importer(815301076,1909f56bfc062723c751e8b465ee728b)  -> (artifact id: 'e0f2cd371b432de0fef9640ed5ee3948') in 0.004431 seconds
  Import took 0.006460 seconds .

========================================================================
Received Prepare
Registering precompiled user dll's ...
Registered in 0.000992 seconds.
Begin MonoManager ReloadAssembly
Native extension for WindowsStandalone target not found
Native extension for OSXStandalone target not found
Native extension for WebGL target not found
Refreshing native plugins compatible for Editor in 0.24 ms, found 0 plugins.
Preloading 0 native plugins for Editor in 0.00 ms.
Invoked RoslynAnalysisRunner static constructor.
RoslynAnalysisRunner will not be running.
RoslynAnalysisRunner has terminated.
Mono: successfully reloaded assembly
- Completed reload, in  0.809 seconds
Platform modules already initialized, skipping
Refreshing native plugins compatible for Editor in 0.21 ms, found 0 plugins.
Preloading 0 native plugins for Editor in 0.00 ms.
Unloading 1259 Unused Serialized files (Serialized files now loaded: 0)
System memory in use before: 84.1 MB.
System memory in use after: 84.2 MB.

Unloading 6 unused Assets to reduce memory usage. Loaded Objects now: 1795.
Total: 1.935000 ms (FindLiveObjects: 0.226900 ms CreateObjectMapping: 0.038900 ms MarkObjects: 1.601600 ms  DeleteObjects: 0.066100 ms)

========================================================================
Received Prepare
Registering precompiled user dll's ...
Registered in 0.000878 seconds.
Begin MonoManager ReloadAssembly
Native extension for WindowsStandalone target not found
Native extension for OSXStandalone target not found
Native extension for WebGL target not found
Refreshing native plugins compatible for Editor in 0.23 ms, found 0 plugins.
Preloading 0 native plugins for Editor in 0.00 ms.
Invoked RoslynAnalysisRunner static constructor.
RoslynAnalysisRunner will not be running.
RoslynAnalysisRunner has terminated.
Mono: successfully reloaded assembly
- Completed reload, in  0.859 seconds
Platform modules already initialized, skipping
Refreshing native plugins compatible for Editor in 0.21 ms, found 0 plugins.
Preloading 0 native plugins for Editor in 0.00 ms.
Unloading 1259 Unused Serialized files (Serialized files now loaded: 0)
System memory in use before: 84.1 MB.
System memory in use after: 84.2 MB.

Unloading 6 unused Assets to reduce memory usage. Loaded Objects now: 1798.
Total: 1.846400 ms (FindLiveObjects: 0.181700 ms CreateObjectMapping: 0.030800 ms MarkObjects: 1.554800 ms  DeleteObjects: 0.078100 ms)

========================================================================
Received Prepare
Registering precompiled user dll's ...
Registered in 0.000852 seconds.
Begin MonoManager ReloadAssembly
Native extension for WindowsStandalone target not found
Native extension for OSXStandalone target not found
Native extension for WebGL target not found
Refreshing native plugins compatible for Editor in 0.28 ms, found 0 plugins.
Preloading 0 native plugins for Editor in 0.00 ms.
Invoked RoslynAnalysisRunner static constructor.
RoslynAnalysisRunner will not be running.
RoslynAnalysisRunner has terminated.
Mono: successfully reloaded assembly
- Completed reload, in  0.836 seconds
Platform modules already initialized, skipping
Refreshing native plugins compatible for Editor in 0.21 ms, found 0 plugins.
Preloading 0 native plugins for Editor in 0.00 ms.
Unloading 1259 Unused Serialized files (Serialized files now loaded: 0)
System memory in use before: 84.1 MB.
System memory in use after: 84.2 MB.

Unloading 6 unused Assets to reduce memory usage. Loaded Objects now: 1801.
Total: 1.846600 ms (FindLiveObjects: 0.194500 ms CreateObjectMapping: 0.032000 ms MarkObjects: 1.553400 ms  DeleteObjects: 0.065600 ms)

========================================================================
Received Prepare
Registering precompiled user dll's ...
Registered in 0.000763 seconds.
Begin MonoManager ReloadAssembly
Native extension for WindowsStandalone target not found
Native extension for OSXStandalone target not found
Native extension for WebGL target not found
Refreshing native plugins compatible for Editor in 0.22 ms, found 0 plugins.
Preloading 0 native plugins for Editor in 0.00 ms.
Invoked RoslynAnalysisRunner static constructor.
RoslynAnalysisRunner will not be running.
RoslynAnalysisRunner has terminated.
Mono: successfully reloaded assembly
- Completed reload, in  0.831 seconds
Platform modules already initialized, skipping
Refreshing native plugins compatible for Editor in 0.21 ms, found 0 plugins.
Preloading 0 native plugins for Editor in 0.00 ms.
Unloading 1259 Unused Serialized files (Serialized files now loaded: 0)
System memory in use before: 84.2 MB.
System memory in use after: 84.2 MB.

Unloading 6 unused Assets to reduce memory usage. Loaded Objects now: 1804.
Total: 1.732200 ms (FindLiveObjects: 0.150300 ms CreateObjectMapping: 0.032200 ms MarkObjects: 1.488900 ms  DeleteObjects: 0.059400 ms)

========================================================================
Received Prepare
Registering precompiled user dll's ...
Registered in 0.000863 seconds.
Begin MonoManager ReloadAssembly
Native extension for WindowsStandalone target not found
Native extension for OSXStandalone target not found
Native extension for WebGL target not found
Refreshing native plugins compatible for Editor in 0.22 ms, found 0 plugins.
Preloading 0 native plugins for Editor in 0.00 ms.
Invoked RoslynAnalysisRunner static constructor.
RoslynAnalysisRunner will not be running.
RoslynAnalysisRunner has terminated.
Mono: successfully reloaded assembly
- Completed reload, in  0.830 seconds
Platform modules already initialized, skipping
Refreshing native plugins compatible for Editor in 0.21 ms, found 0 plugins.
Preloading 0 native plugins for Editor in 0.00 ms.
Unloading 1259 Unused Serialized files (Serialized files now loaded: 0)
System memory in use before: 84.2 MB.
System memory in use after: 84.2 MB.

Unloading 6 unused Assets to reduce memory usage. Loaded Objects now: 1807.
Total: 1.783400 ms (FindLiveObjects: 0.169900 ms CreateObjectMapping: 0.034500 ms MarkObjects: 1.449700 ms  DeleteObjects: 0.128500 ms)

========================================================================
Received Prepare
Registering precompiled user dll's ...
Registered in 0.000756 seconds.
Begin MonoManager ReloadAssembly
Native extension for WindowsStandalone target not found
Native extension for OSXStandalone target not found
Native extension for WebGL target not found
Refreshing native plugins compatible for Editor in 0.22 ms, found 0 plugins.
Preloading 0 native plugins for Editor in 0.00 ms.
Invoked RoslynAnalysisRunner static constructor.
RoslynAnalysisRunner will not be running.
RoslynAnalysisRunner has terminated.
Mono: successfully reloaded assembly
- Completed reload, in  0.832 seconds
Platform modules already initialized, skipping
Refreshing native plugins compatible for Editor in 0.21 ms, found 0 plugins.
Preloading 0 native plugins for Editor in 0.00 ms.
Unloading 1259 Unused Serialized files (Serialized files now loaded: 0)
System memory in use before: 84.2 MB.
System memory in use after: 84.2 MB.

Unloading 6 unused Assets to reduce memory usage. Loaded Objects now: 1810.
Total: 1.970900 ms (FindLiveObjects: 0.198900 ms CreateObjectMapping: 0.036100 ms MarkObjects: 1.593600 ms  DeleteObjects: 0.141300 ms)

========================================================================
Received Prepare
Registering precompiled user dll's ...
Registered in 0.000774 seconds.
Begin MonoManager ReloadAssembly
Native extension for WindowsStandalone target not found
Native extension for OSXStandalone target not found
Native extension for WebGL target not found
Refreshing native plugins compatible for Editor in 0.22 ms, found 0 plugins.
Preloading 0 native plugins for Editor in 0.00 ms.
Invoked RoslynAnalysisRunner static constructor.
RoslynAnalysisRunner will not be running.
RoslynAnalysisRunner has terminated.
Mono: successfully reloaded assembly
- Completed reload, in  0.835 seconds
Platform modules already initialized, skipping
Refreshing native plugins compatible for Editor in 0.24 ms, found 0 plugins.
Preloading 0 native plugins for Editor in 0.00 ms.
Unloading 1259 Unused Serialized files (Serialized files now loaded: 0)
System memory in use before: 84.2 MB.
System memory in use after: 84.3 MB.

Unloading 6 unused Assets to reduce memory usage. Loaded Objects now: 1813.
Total: 1.738800 ms (FindLiveObjects: 0.178300 ms CreateObjectMapping: 0.033800 ms MarkObjects: 1.462400 ms  DeleteObjects: 0.063100 ms)

========================================================================
Received Prepare
Registering precompiled user dll's ...
Registered in 0.000753 seconds.
Begin MonoManager ReloadAssembly
Native extension for WindowsStandalone target not found
Native extension for OSXStandalone target not found
Native extension for WebGL target not found
Refreshing native plugins compatible for Editor in 0.22 ms, found 0 plugins.
Preloading 0 native plugins for Editor in 0.00 ms.
Invoked RoslynAnalysisRunner static constructor.
RoslynAnalysisRunner will not be running.
RoslynAnalysisRunner has terminated.
Mono: successfully reloaded assembly
- Completed reload, in  0.848 seconds
Platform modules already initialized, skipping
Refreshing native plugins compatible for Editor in 0.53 ms, found 0 plugins.
Preloading 0 native plugins for Editor in 0.00 ms.
Unloading 1259 Unused Serialized files (Serialized files now loaded: 0)
System memory in use before: 84.2 MB.
System memory in use after: 84.3 MB.

Unloading 6 unused Assets to reduce memory usage. Loaded Objects now: 1816.
Total: 3.087200 ms (FindLiveObjects: 0.286900 ms CreateObjectMapping: 0.078300 ms MarkObjects: 2.494500 ms  DeleteObjects: 0.226200 ms)

========================================================================
Received Prepare
Registering precompiled user dll's ...
Registered in 0.001271 seconds.
Begin MonoManager ReloadAssembly
Native extension for WindowsStandalone target not found
Native extension for OSXStandalone target not found
Native extension for WebGL target not found
Refreshing native plugins compatible for Editor in 0.43 ms, found 0 plugins.
Preloading 0 native plugins for Editor in 0.00 ms.
Invoked RoslynAnalysisRunner static constructor.
RoslynAnalysisRunner will not be running.
RoslynAnalysisRunner has terminated.
Mono: successfully reloaded assembly
- Completed reload, in  0.965 seconds
Platform modules already initialized, skipping
Refreshing native plugins compatible for Editor in 0.37 ms, found 0 plugins.
Preloading 0 native plugins for Editor in 0.00 ms.
Unloading 1259 Unused Serialized files (Serialized files now loaded: 0)
System memory in use before: 84.2 MB.
System memory in use after: 84.3 MB.

Unloading 6 unused Assets to reduce memory usage. Loaded Objects now: 1819.
Total: 2.004600 ms (FindLiveObjects: 0.250300 ms CreateObjectMapping: 0.035800 ms MarkObjects: 1.629300 ms  DeleteObjects: 0.087400 ms)

========================================================================
Received Prepare
Registering precompiled user dll's ...
Registered in 0.000889 seconds.
Begin MonoManager ReloadAssembly
Native extension for WindowsStandalone target not found
Native extension for OSXStandalone target not found
Native extension for WebGL target not found
Refreshing native plugins compatible for Editor in 0.31 ms, found 0 plugins.
Preloading 0 native plugins for Editor in 0.00 ms.
Invoked RoslynAnalysisRunner static constructor.
RoslynAnalysisRunner will not be running.
RoslynAnalysisRunner has terminated.
Mono: successfully reloaded assembly
- Completed reload, in  0.977 seconds
Platform modules already initialized, skipping
Refreshing native plugins compatible for Editor in 0.26 ms, found 0 plugins.
Preloading 0 native plugins for Editor in 0.00 ms.
Unloading 1259 Unused Serialized files (Serialized files now loaded: 0)
System memory in use before: 84.2 MB.
System memory in use after: 84.3 MB.

Unloading 6 unused Assets to reduce memory usage. Loaded Objects now: 1822.
Total: 1.916200 ms (FindLiveObjects: 0.213700 ms CreateObjectMapping: 0.034300 ms MarkObjects: 1.592200 ms  DeleteObjects: 0.074900 ms)

========================================================================
Received Prepare
Registering precompiled user dll's ...
Registered in 0.001072 seconds.
Begin MonoManager ReloadAssembly
Native extension for WindowsStandalone target not found
Native extension for OSXStandalone target not found
Native extension for WebGL target not found
Refreshing native plugins compatible for Editor in 0.39 ms, found 0 plugins.
Preloading 0 native plugins for Editor in 0.00 ms.
Invoked RoslynAnalysisRunner static constructor.
RoslynAnalysisRunner will not be running.
RoslynAnalysisRunner has terminated.
Mono: successfully reloaded assembly
- Completed reload, in  0.912 seconds
Platform modules already initialized, skipping
Refreshing native plugins compatible for Editor in 0.28 ms, found 0 plugins.
Preloading 0 native plugins for Editor in 0.00 ms.
Unloading 1259 Unused Serialized files (Serialized files now loaded: 0)
System memory in use before: 84.2 MB.
System memory in use after: 84.3 MB.

Unloading 6 unused Assets to reduce memory usage. Loaded Objects now: 1825.
Total: 2.774000 ms (FindLiveObjects: 0.313200 ms CreateObjectMapping: 0.047300 ms MarkObjects: 2.304000 ms  DeleteObjects: 0.107800 ms)

========================================================================
Received Prepare
Registering precompiled user dll's ...
Registered in 0.001046 seconds.
Begin MonoManager ReloadAssembly
Native extension for WindowsStandalone target not found
Native extension for OSXStandalone target not found
Native extension for WebGL target not found
Refreshing native plugins compatible for Editor in 0.61 ms, found 0 plugins.
Preloading 0 native plugins for Editor in 0.00 ms.
Invoked RoslynAnalysisRunner static constructor.
RoslynAnalysisRunner will not be running.
RoslynAnalysisRunner has terminated.
Mono: successfully reloaded assembly
- Completed reload, in  0.955 seconds
Platform modules already initialized, skipping
Refreshing native plugins compatible for Editor in 0.29 ms, found 0 plugins.
Preloading 0 native plugins for Editor in 0.00 ms.
Unloading 1259 Unused Serialized files (Serialized files now loaded: 0)
System memory in use before: 84.2 MB.
System memory in use after: 84.3 MB.

Unloading 6 unused Assets to reduce memory usage. Loaded Objects now: 1828.
Total: 2.033500 ms (FindLiveObjects: 0.220900 ms CreateObjectMapping: 0.034700 ms MarkObjects: 1.690600 ms  DeleteObjects: 0.085700 ms)

========================================================================
Received Prepare
Registering precompiled user dll's ...
Registered in 0.001069 seconds.
Begin MonoManager ReloadAssembly
Native extension for WindowsStandalone target not found
Native extension for OSXStandalone target not found
Native extension for WebGL target not found
Refreshing native plugins compatible for Editor in 0.24 ms, found 0 plugins.
Preloading 0 native plugins for Editor in 0.00 ms.
Invoked RoslynAnalysisRunner static constructor.
RoslynAnalysisRunner will not be running.
RoslynAnalysisRunner has terminated.
Mono: successfully reloaded assembly
- Completed reload, in  0.939 seconds
Platform modules already initialized, skipping
Refreshing native plugins compatible for Editor in 0.25 ms, found 0 plugins.
Preloading 0 native plugins for Editor in 0.00 ms.
Unloading 1259 Unused Serialized files (Serialized files now loaded: 0)
System memory in use before: 84.2 MB.
System memory in use after: 84.3 MB.

Unloading 6 unused Assets to reduce memory usage. Loaded Objects now: 1831.
Total: 2.352700 ms (FindLiveObjects: 0.284600 ms CreateObjectMapping: 0.037000 ms MarkObjects: 1.938300 ms  DeleteObjects: 0.091000 ms)

========================================================================
Received Prepare
Registering precompiled user dll's ...
Registered in 0.001414 seconds.
Begin MonoManager ReloadAssembly
Native extension for WindowsStandalone target not found
Native extension for OSXStandalone target not found
Native extension for WebGL target not found
Refreshing native plugins compatible for Editor in 0.33 ms, found 0 plugins.
Preloading 0 native plugins for Editor in 0.00 ms.
Invoked RoslynAnalysisRunner static constructor.
RoslynAnalysisRunner will not be running.
RoslynAnalysisRunner has terminated.
Mono: successfully reloaded assembly
- Completed reload, in  0.883 seconds
Platform modules already initialized, skipping
Refreshing native plugins compatible for Editor in 0.25 ms, found 0 plugins.
Preloading 0 native plugins for Editor in 0.00 ms.
Unloading 1259 Unused Serialized files (Serialized files now loaded: 0)
System memory in use before: 84.2 MB.
System memory in use after: 84.3 MB.

Unloading 6 unused Assets to reduce memory usage. Loaded Objects now: 1834.
Total: 2.366200 ms (FindLiveObjects: 0.304600 ms CreateObjectMapping: 0.039800 ms MarkObjects: 1.924500 ms  DeleteObjects: 0.095600 ms)

========================================================================
Received Prepare
Registering precompiled user dll's ...
Registered in 0.000790 seconds.
Begin MonoManager ReloadAssembly
Native extension for WindowsStandalone target not found
Native extension for OSXStandalone target not found
Native extension for WebGL target not found
Refreshing native plugins compatible for Editor in 0.31 ms, found 0 plugins.
Preloading 0 native plugins for Editor in 0.00 ms.
Invoked RoslynAnalysisRunner static constructor.
RoslynAnalysisRunner will not be running.
RoslynAnalysisRunner has terminated.
Mono: successfully reloaded assembly
- Completed reload, in  0.941 seconds
Platform modules already initialized, skipping
Refreshing native plugins compatible for Editor in 0.34 ms, found 0 plugins.
Preloading 0 native plugins for Editor in 0.00 ms.
Unloading 1259 Unused Serialized files (Serialized files now loaded: 0)
System memory in use before: 84.2 MB.
System memory in use after: 84.3 MB.

Unloading 6 unused Assets to reduce memory usage. Loaded Objects now: 1837.
Total: 2.679700 ms (FindLiveObjects: 0.193500 ms CreateObjectMapping: 0.035400 ms MarkObjects: 2.333900 ms  DeleteObjects: 0.114900 ms)

========================================================================
Received Prepare
Registering precompiled user dll's ...
Registered in 0.001142 seconds.
Begin MonoManager ReloadAssembly
Native extension for WindowsStandalone target not found
Native extension for OSXStandalone target not found
Native extension for WebGL target not found
Refreshing native plugins compatible for Editor in 0.45 ms, found 0 plugins.
Preloading 0 native plugins for Editor in 0.00 ms.
Invoked RoslynAnalysisRunner static constructor.
RoslynAnalysisRunner will not be running.
RoslynAnalysisRunner has terminated.
Mono: successfully reloaded assembly
- Completed reload, in  0.962 seconds
Platform modules already initialized, skipping
Refreshing native plugins compatible for Editor in 0.25 ms, found 0 plugins.
Preloading 0 native plugins for Editor in 0.00 ms.
Unloading 1259 Unused Serialized files (Serialized files now loaded: 0)
System memory in use before: 84.2 MB.
System memory in use after: 84.3 MB.

Unloading 6 unused Assets to reduce memory usage. Loaded Objects now: 1840.
Total: 2.951100 ms (FindLiveObjects: 0.508700 ms CreateObjectMapping: 0.055400 ms MarkObjects: 2.283000 ms  DeleteObjects: 0.100700 ms)

========================================================================
Received Prepare
Registering precompiled user dll's ...
Registered in 0.000948 seconds.
Begin MonoManager ReloadAssembly
Native extension for WindowsStandalone target not found
Native extension for OSXStandalone target not found
Native extension for WebGL target not found
Refreshing native plugins compatible for Editor in 0.45 ms, found 0 plugins.
Preloading 0 native plugins for Editor in 0.00 ms.
Invoked RoslynAnalysisRunner static constructor.
RoslynAnalysisRunner will not be running.
RoslynAnalysisRunner has terminated.
Mono: successfully reloaded assembly
- Completed reload, in  0.953 seconds
Platform modules already initialized, skipping
Refreshing native plugins compatible for Editor in 0.31 ms, found 0 plugins.
Preloading 0 native plugins for Editor in 0.00 ms.
Unloading 1259 Unused Serialized files (Serialized files now loaded: 0)
System memory in use before: 84.2 MB.
System memory in use after: 84.3 MB.

Unloading 6 unused Assets to reduce memory usage. Loaded Objects now: 1843.
Total: 2.571500 ms (FindLiveObjects: 0.482700 ms CreateObjectMapping: 0.052600 ms MarkObjects: 1.926900 ms  DeleteObjects: 0.107500 ms)

========================================================================
Received Import Request.
  Time since last request: 1567.987605 seconds.
  path: Assets/Scripts/Dropper.cs
  artifactKey: Guid(1a65edc87b44b194fb57b7aa9a8196e7) Importer(815301076,1909f56bfc062723c751e8b465ee728b)
Start importing Assets/Scripts/Dropper.cs using Guid(1a65edc87b44b194fb57b7aa9a8196e7) Importer(815301076,1909f56bfc062723c751e8b465ee728b)  -> (artifact id: 'f44c73075db25c3b079e6e9b9a32b547') in 0.012091 seconds
  Import took 0.014834 seconds .

========================================================================
Received Prepare
Registering precompiled user dll's ...
Registered in 0.000904 seconds.
Begin MonoManager ReloadAssembly
Native extension for WindowsStandalone target not found
Native extension for OSXStandalone target not found
Native extension for WebGL target not found
Refreshing native plugins compatible for Editor in 0.44 ms, found 0 plugins.
Preloading 0 native plugins for Editor in 0.00 ms.
Invoked RoslynAnalysisRunner static constructor.
RoslynAnalysisRunner will not be running.
RoslynAnalysisRunner has terminated.
Mono: successfully reloaded assembly
- Completed reload, in  0.955 seconds
Platform modules already initialized, skipping
Refreshing native plugins compatible for Editor in 0.27 ms, found 0 plugins.
Preloading 0 native plugins for Editor in 0.00 ms.
Unloading 1258 Unused Serialized files (Serialized files now loaded: 0)
System memory in use before: 84.2 MB.
System memory in use after: 84.3 MB.

Unloading 7 unused Assets to reduce memory usage. Loaded Objects now: 1845.
Total: 2.394100 ms (FindLiveObjects: 0.287100 ms CreateObjectMapping: 0.059600 ms MarkObjects: 1.891200 ms  DeleteObjects: 0.155000 ms)

========================================================================
Received Prepare
Registering precompiled user dll's ...
Registered in 0.001236 seconds.
Begin MonoManager ReloadAssembly
Native extension for WindowsStandalone target not found
Native extension for OSXStandalone target not found
Native extension for WebGL target not found
Refreshing native plugins compatible for Editor in 0.28 ms, found 0 plugins.
Preloading 0 native plugins for Editor in 0.00 ms.
Invoked RoslynAnalysisRunner static constructor.
RoslynAnalysisRunner will not be running.
RoslynAnalysisRunner has terminated.
Mono: successfully reloaded assembly
- Completed reload, in  0.929 seconds
Platform modules already initialized, skipping
Refreshing native plugins compatible for Editor in 0.32 ms, found 0 plugins.
Preloading 0 native plugins for Editor in 0.00 ms.
Unloading 1259 Unused Serialized files (Serialized files now loaded: 0)
System memory in use before: 84.2 MB.
System memory in use after: 84.3 MB.

Unloading 6 unused Assets to reduce memory usage. Loaded Objects now: 1849.
Total: 2.212800 ms (FindLiveObjects: 0.236200 ms CreateObjectMapping: 0.035700 ms MarkObjects: 1.865300 ms  DeleteObjects: 0.074400 ms)

========================================================================
Received Prepare
Registering precompiled user dll's ...
Registered in 0.000997 seconds.
Begin MonoManager ReloadAssembly
Native extension for WindowsStandalone target not found
Native extension for OSXStandalone target not found
Native extension for WebGL target not found
Refreshing native plugins compatible for Editor in 0.23 ms, found 0 plugins.
Preloading 0 native plugins for Editor in 0.00 ms.
Invoked RoslynAnalysisRunner static constructor.
RoslynAnalysisRunner will not be running.
RoslynAnalysisRunner has terminated.
Mono: successfully reloaded assembly
- Completed reload, in  0.933 seconds
Platform modules already initialized, skipping
Refreshing native plugins compatible for Editor in 0.43 ms, found 0 plugins.
Preloading 0 native plugins for Editor in 0.00 ms.
Unloading 1259 Unused Serialized files (Serialized files now loaded: 0)
System memory in use before: 84.2 MB.
System memory in use after: 84.3 MB.

Unloading 6 unused Assets to reduce memory usage. Loaded Objects now: 1852.
Total: 2.675200 ms (FindLiveObjects: 0.375500 ms CreateObjectMapping: 0.052400 ms MarkObjects: 2.147200 ms  DeleteObjects: 0.097900 ms)

========================================================================
Received Import Request.
  Time since last request: 108.040017 seconds.
  path: Assets/Scripts/Dropper.cs
  artifactKey: Guid(1a65edc87b44b194fb57b7aa9a8196e7) Importer(815301076,1909f56bfc062723c751e8b465ee728b)
Start importing Assets/Scripts/Dropper.cs using Guid(1a65edc87b44b194fb57b7aa9a8196e7) Importer(815301076,1909f56bfc062723c751e8b465ee728b)  -> (artifact id: '597eb7e9cb01bbfd44e6c6ec7a22eac0') in 0.006297 seconds
  Import took 0.009303 seconds .

========================================================================
Received Prepare
Registering precompiled user dll's ...
Registered in 0.000816 seconds.
Begin MonoManager ReloadAssembly
Native extension for WindowsStandalone target not found
Native extension for OSXStandalone target not found
Native extension for WebGL target not found
Refreshing native plugins compatible for Editor in 0.22 ms, found 0 plugins.
Preloading 0 native plugins for Editor in 0.00 ms.
Invoked RoslynAnalysisRunner static constructor.
RoslynAnalysisRunner will not be running.
RoslynAnalysisRunner has terminated.
Mono: successfully reloaded assembly
- Completed reload, in  0.820 seconds
Platform modules already initialized, skipping
Refreshing native plugins compatible for Editor in 0.25 ms, found 0 plugins.
Preloading 0 native plugins for Editor in 0.00 ms.
Unloading 1259 Unused Serialized files (Serialized files now loaded: 0)
System memory in use before: 84.3 MB.
System memory in use after: 84.3 MB.

Unloading 6 unused Assets to reduce memory usage. Loaded Objects now: 1855.
Total: 1.772500 ms (FindLiveObjects: 0.194300 ms CreateObjectMapping: 0.030100 ms MarkObjects: 1.480300 ms  DeleteObjects: 0.066400 ms)

========================================================================
Received Prepare
Registering precompiled user dll's ...
Registered in 0.000850 seconds.
Begin MonoManager ReloadAssembly
Native extension for WindowsStandalone target not found
Native extension for OSXStandalone target not found
Native extension for WebGL target not found
Refreshing native plugins compatible for Editor in 0.22 ms, found 0 plugins.
Preloading 0 native plugins for Editor in 0.00 ms.
Invoked RoslynAnalysisRunner static constructor.
RoslynAnalysisRunner will not be running.
RoslynAnalysisRunner has terminated.
Mono: successfully reloaded assembly
- Completed reload, in  0.821 seconds
Platform modules already initialized, skipping
Refreshing native plugins compatible for Editor in 0.21 ms, found 0 plugins.
Preloading 0 native plugins for Editor in 0.00 ms.
Unloading 1259 Unused Serialized files (Serialized files now loaded: 0)
System memory in use before: 84.3 MB.
System memory in use after: 84.3 MB.

Unloading 6 unused Assets to reduce memory usage. Loaded Objects now: 1858.
Total: 2.215900 ms (FindLiveObjects: 0.260100 ms CreateObjectMapping: 0.053200 ms MarkObjects: 1.811100 ms  DeleteObjects: 0.089100 ms)

========================================================================
Received Prepare
Registering precompiled user dll's ...
Registered in 0.000993 seconds.
Begin MonoManager ReloadAssembly
Native extension for WindowsStandalone target not found
Native extension for OSXStandalone target not found
Native extension for WebGL target not found
Refreshing native plugins compatible for Editor in 0.40 ms, found 0 plugins.
Preloading 0 native plugins for Editor in 0.00 ms.
Invoked RoslynAnalysisRunner static constructor.
RoslynAnalysisRunner will not be running.
RoslynAnalysisRunner has terminated.
Mono: successfully reloaded assembly
- Completed reload, in  0.919 seconds
Platform modules already initialized, skipping
Refreshing native plugins compatible for Editor in 0.27 ms, found 0 plugins.
Preloading 0 native plugins for Editor in 0.00 ms.
Unloading 1259 Unused Serialized files (Serialized files now loaded: 0)
System memory in use before: 84.3 MB.
System memory in use after: 84.3 MB.

Unloading 6 unused Assets to reduce memory usage. Loaded Objects now: 1861.
Total: 1.975600 ms (FindLiveObjects: 0.269200 ms CreateObjectMapping: 0.046100 ms MarkObjects: 1.590900 ms  DeleteObjects: 0.068400 ms)

========================================================================
Received Prepare
Registering precompiled user dll's ...
Registered in 0.000776 seconds.
Begin MonoManager ReloadAssembly
Native extension for WindowsStandalone target not found
Native extension for OSXStandalone target not found
Native extension for WebGL target not found
Refreshing native plugins compatible for Editor in 0.22 ms, found 0 plugins.
Preloading 0 native plugins for Editor in 0.00 ms.
Invoked RoslynAnalysisRunner static constructor.
RoslynAnalysisRunner will not be running.
RoslynAnalysisRunner has terminated.
Mono: successfully reloaded assembly
- Completed reload, in  0.836 seconds
Platform modules already initialized, skipping
Refreshing native plugins compatible for Editor in 0.34 ms, found 0 plugins.
Preloading 0 native plugins for Editor in 0.00 ms.
Unloading 1259 Unused Serialized files (Serialized files now loaded: 0)
System memory in use before: 84.3 MB.
System memory in use after: 84.4 MB.

Unloading 6 unused Assets to reduce memory usage. Loaded Objects now: 1864.
Total: 2.129000 ms (FindLiveObjects: 0.260200 ms CreateObjectMapping: 0.037600 ms MarkObjects: 1.757400 ms  DeleteObjects: 0.072800 ms)

========================================================================
Received Prepare
Registering precompiled user dll's ...
Registered in 0.000993 seconds.
Begin MonoManager ReloadAssembly
Native extension for WindowsStandalone target not found
Native extension for OSXStandalone target not found
Native extension for WebGL target not found
Refreshing native plugins compatible for Editor in 0.23 ms, found 0 plugins.
Preloading 0 native plugins for Editor in 0.00 ms.
Invoked RoslynAnalysisRunner static constructor.
RoslynAnalysisRunner will not be running.
RoslynAnalysisRunner has terminated.
Mono: successfully reloaded assembly
- Completed reload, in  0.820 seconds
Platform modules already initialized, skipping
Refreshing native plugins compatible for Editor in 0.21 ms, found 0 plugins.
Preloading 0 native plugins for Editor in 0.00 ms.
Unloading 1259 Unused Serialized files (Serialized files now loaded: 0)
System memory in use before: 84.3 MB.
System memory in use after: 84.4 MB.

Unloading 6 unused Assets to reduce memory usage. Loaded Objects now: 1867.
Total: 2.048600 ms (FindLiveObjects: 0.280400 ms CreateObjectMapping: 0.035300 ms MarkObjects: 1.656800 ms  DeleteObjects: 0.075100 ms)

========================================================================
Received Prepare
Registering precompiled user dll's ...
Registered in 0.000767 seconds.
Begin MonoManager ReloadAssembly
Native extension for WindowsStandalone target not found
Native extension for OSXStandalone target not found
Native extension for WebGL target not found
Refreshing native plugins compatible for Editor in 0.29 ms, found 0 plugins.
Preloading 0 native plugins for Editor in 0.00 ms.
Invoked RoslynAnalysisRunner static constructor.
RoslynAnalysisRunner will not be running.
RoslynAnalysisRunner has terminated.
Mono: successfully reloaded assembly
- Completed reload, in  0.853 seconds
Platform modules already initialized, skipping
Refreshing native plugins compatible for Editor in 0.21 ms, found 0 plugins.
Preloading 0 native plugins for Editor in 0.00 ms.
Unloading 1259 Unused Serialized files (Serialized files now loaded: 0)
System memory in use before: 84.3 MB.
System memory in use after: 84.4 MB.

Unloading 6 unused Assets to reduce memory usage. Loaded Objects now: 1870.
Total: 2.329500 ms (FindLiveObjects: 0.269900 ms CreateObjectMapping: 0.054000 ms MarkObjects: 1.922500 ms  DeleteObjects: 0.081600 ms)

========================================================================
Received Prepare
Registering precompiled user dll's ...
Registered in 0.001030 seconds.
Begin MonoManager ReloadAssembly
Native extension for WindowsStandalone target not found
Native extension for OSXStandalone target not found
Native extension for WebGL target not found
Refreshing native plugins compatible for Editor in 0.22 ms, found 0 plugins.
Preloading 0 native plugins for Editor in 0.00 ms.
Invoked RoslynAnalysisRunner static constructor.
RoslynAnalysisRunner will not be running.
RoslynAnalysisRunner has terminated.
Mono: successfully reloaded assembly
- Completed reload, in  0.855 seconds
Platform modules already initialized, skipping
Refreshing native plugins compatible for Editor in 0.21 ms, found 0 plugins.
Preloading 0 native plugins for Editor in 0.00 ms.
Unloading 1259 Unused Serialized files (Serialized files now loaded: 0)
System memory in use before: 84.3 MB.
System memory in use after: 84.4 MB.

Unloading 6 unused Assets to reduce memory usage. Loaded Objects now: 1873.
Total: 1.773200 ms (FindLiveObjects: 0.172100 ms CreateObjectMapping: 0.033400 ms MarkObjects: 1.503300 ms  DeleteObjects: 0.063300 ms)

========================================================================
Received Prepare
Registering precompiled user dll's ...
Registered in 0.000776 seconds.
Begin MonoManager ReloadAssembly
Native extension for WindowsStandalone target not found
Native extension for OSXStandalone target not found
Native extension for WebGL target not found
Refreshing native plugins compatible for Editor in 0.21 ms, found 0 plugins.
Preloading 0 native plugins for Editor in 0.00 ms.
Invoked RoslynAnalysisRunner static constructor.
RoslynAnalysisRunner will not be running.
RoslynAnalysisRunner has terminated.
Mono: successfully reloaded assembly
- Completed reload, in  0.831 seconds
Platform modules already initialized, skipping
Refreshing native plugins compatible for Editor in 0.21 ms, found 0 plugins.
Preloading 0 native plugins for Editor in 0.00 ms.
Unloading 1259 Unused Serialized files (Serialized files now loaded: 0)
System memory in use before: 84.3 MB.
System memory in use after: 84.4 MB.

Unloading 6 unused Assets to reduce memory usage. Loaded Objects now: 1876.
Total: 2.036700 ms (FindLiveObjects: 0.183700 ms CreateObjectMapping: 0.031400 ms MarkObjects: 1.731900 ms  DeleteObjects: 0.088200 ms)

========================================================================
Received Import Request.
  Time since last request: 3673.511869 seconds.
  path: ProjectSettings/TagManager.asset
  artifactKey: Guid(00000000000000003000000000000000) Importer(815301076,1909f56bfc062723c751e8b465ee728b)
Start importing ProjectSettings/TagManager.asset using Guid(00000000000000003000000000000000) Importer(815301076,1909f56bfc062723c751e8b465ee728b)  -> (artifact id: '4e1ade904f8483502412a943970edefa') in 0.020267 seconds
  Import took 0.022440 seconds .

========================================================================
Received Prepare
Registering precompiled user dll's ...
Registered in 0.000704 seconds.
Begin MonoManager ReloadAssembly
Native extension for WindowsStandalone target not found
Native extension for OSXStandalone target not found
Native extension for WebGL target not found
Refreshing native plugins compatible for Editor in 0.23 ms, found 0 plugins.
Preloading 0 native plugins for Editor in 0.00 ms.
Invoked RoslynAnalysisRunner static constructor.
RoslynAnalysisRunner will not be running.
RoslynAnalysisRunner has terminated.
Mono: successfully reloaded assembly
- Completed reload, in  0.849 seconds
Platform modules already initialized, skipping
Refreshing native plugins compatible for Editor in 0.22 ms, found 0 plugins.
Preloading 0 native plugins for Editor in 0.00 ms.
Unloading 1259 Unused Serialized files (Serialized files now loaded: 0)
System memory in use before: 84.3 MB.
System memory in use after: 84.4 MB.

Unloading 7 unused Assets to reduce memory usage. Loaded Objects now: 1879.
Total: 3.044100 ms (FindLiveObjects: 0.249900 ms CreateObjectMapping: 0.040700 ms MarkObjects: 2.667000 ms  DeleteObjects: 0.085000 ms)

========================================================================
Received Prepare
Registering precompiled user dll's ...
Registered in 0.000760 seconds.
Begin MonoManager ReloadAssembly
Native extension for WindowsStandalone target not found
Native extension for OSXStandalone target not found
Native extension for WebGL target not found
Refreshing native plugins compatible for Editor in 0.23 ms, found 0 plugins.
Preloading 0 native plugins for Editor in 0.00 ms.
Invoked RoslynAnalysisRunner static constructor.
RoslynAnalysisRunner will not be running.
RoslynAnalysisRunner has terminated.
Mono: successfully reloaded assembly
- Completed reload, in  0.826 seconds
Platform modules already initialized, skipping
Refreshing native plugins compatible for Editor in 0.21 ms, found 0 plugins.
Preloading 0 native plugins for Editor in 0.00 ms.
Unloading 1259 Unused Serialized files (Serialized files now loaded: 0)
System memory in use before: 84.3 MB.
System memory in use after: 84.4 MB.

Unloading 6 unused Assets to reduce memory usage. Loaded Objects now: 1882.
Total: 1.935700 ms (FindLiveObjects: 0.185200 ms CreateObjectMapping: 0.031500 ms MarkObjects: 1.645000 ms  DeleteObjects: 0.073100 ms)

========================================================================
Received Import Request.
  Time since last request: 737.003785 seconds.
  path: Assets/Project1.unity
  artifactKey: Guid(0134c92176f526743b697fd28381a3aa) Importer(815301076,1909f56bfc062723c751e8b465ee728b)
Start importing Assets/Project1.unity using Guid(0134c92176f526743b697fd28381a3aa) Importer(815301076,1909f56bfc062723c751e8b465ee728b)  -> (artifact id: '9eaeb9bfb139fe31b7e0e33f6a38b1b6') in 0.017178 seconds
  Import took 0.019403 seconds .

========================================================================
Received Import Request.
  Time since last request: 3.980087 seconds.
  path: Assets/Project1.unity
  artifactKey: Guid(0134c92176f526743b697fd28381a3aa) Importer(815301076,1909f56bfc062723c751e8b465ee728b)
Start importing Assets/Project1.unity using Guid(0134c92176f526743b697fd28381a3aa) Importer(815301076,1909f56bfc062723c751e8b465ee728b)  -> (artifact id: '89d12400835c89e083d9a8063455ea80') in 0.002865 seconds
  Import took 0.005544 seconds .

========================================================================
Received Import Request.
  Time since last request: 99.957944 seconds.
  path: Assets/Materials/ObstackeMaterial.mat
  artifactKey: Guid(f323610c377684c4c9a1ef398aeadec2) Importer(815301076,1909f56bfc062723c751e8b465ee728b)
Start importing Assets/Materials/ObstackeMaterial.mat using Guid(f323610c377684c4c9a1ef398aeadec2) Importer(815301076,1909f56bfc062723c751e8b465ee728b)  -> (artifact id: 'f8a2ad3876f54a3b07c365aa6ac23d7a') in 0.058079 seconds
  Import took 0.060305 seconds .

========================================================================
Received Import Request.
  Time since last request: 0.000269 seconds.
  path: Assets/Materials/wallColour.mat
  artifactKey: Guid(425116c8367ba044caf828d115161ba2) Importer(815301076,1909f56bfc062723c751e8b465ee728b)
Start importing Assets/Materials/wallColour.mat using Guid(425116c8367ba044caf828d115161ba2) Importer(815301076,1909f56bfc062723c751e8b465ee728b)  -> (artifact id: 'f98338e0f10de019325340bb9d0ca69a') in 0.017201 seconds
  Import took 0.020313 seconds .

========================================================================
Received Import Request.
  Time since last request: 5.336952 seconds.
  path: Assets/Materials/spinner.mat
  artifactKey: Guid(374e6777b8404634aa2e7a75e99c2a95) Importer(815301076,1909f56bfc062723c751e8b465ee728b)
Start importing Assets/Materials/spinner.mat using Guid(374e6777b8404634aa2e7a75e99c2a95) Importer(815301076,1909f56bfc062723c751e8b465ee728b)  -> (artifact id: '8bd02023a602e6114ce731a2a0179361') in 0.013982 seconds
  Import took 0.016183 seconds .

========================================================================
Received Import Request.
  Time since last request: 47.585192 seconds.
  path: Assets/Scripts/Spinner.cs
  artifactKey: Guid(fea9f0121f40efd48805dd2800871fed) Importer(815301076,1909f56bfc062723c751e8b465ee728b)
Start importing Assets/Scripts/Spinner.cs using Guid(fea9f0121f40efd48805dd2800871fed) Importer(815301076,1909f56bfc062723c751e8b465ee728b)  -> (artifact id: '95aaddb69751dbfa5d4d300de7a4e1a0') in 0.007722 seconds
  Import took 0.010433 seconds .

========================================================================
Received Prepare
Registering precompiled user dll's ...
Registered in 0.000722 seconds.
Begin MonoManager ReloadAssembly
Native extension for WindowsStandalone target not found
Native extension for OSXStandalone target not found
Native extension for WebGL target not found
Refreshing native plugins compatible for Editor in 0.27 ms, found 0 plugins.
Preloading 0 native plugins for Editor in 0.00 ms.
Invoked RoslynAnalysisRunner static constructor.
RoslynAnalysisRunner will not be running.
RoslynAnalysisRunner has terminated.
Mono: successfully reloaded assembly
- Completed reload, in  0.833 seconds
Platform modules already initialized, skipping
Refreshing native plugins compatible for Editor in 0.28 ms, found 0 plugins.
Preloading 0 native plugins for Editor in 0.00 ms.
Unloading 1260 Unused Serialized files (Serialized files now loaded: 0)
System memory in use before: 84.4 MB.
System memory in use after: 84.5 MB.

Unloading 6 unused Assets to reduce memory usage. Loaded Objects now: 1887.
Total: 2.135200 ms (FindLiveObjects: 0.317000 ms CreateObjectMapping: 0.038300 ms MarkObjects: 1.692800 ms  DeleteObjects: 0.085600 ms)

========================================================================
Received Import Request.
  Time since last request: 144.370539 seconds.
  path: Assets/Scripts/Spinner.cs
  artifactKey: Guid(fea9f0121f40efd48805dd2800871fed) Importer(815301076,1909f56bfc062723c751e8b465ee728b)
Start importing Assets/Scripts/Spinner.cs using Guid(fea9f0121f40efd48805dd2800871fed) Importer(815301076,1909f56bfc062723c751e8b465ee728b)  -> (artifact id: '3ef7e20f1101056d0589dcf55072713e') in 0.005541 seconds
  Import took 0.008131 seconds .

========================================================================
Received Prepare
Registering precompiled user dll's ...
Registered in 0.000842 seconds.
Begin MonoManager ReloadAssembly
Native extension for WindowsStandalone target not found
Native extension for OSXStandalone target not found
Native extension for WebGL target not found
Refreshing native plugins compatible for Editor in 0.21 ms, found 0 plugins.
Preloading 0 native plugins for Editor in 0.00 ms.
Invoked RoslynAnalysisRunner static constructor.
RoslynAnalysisRunner will not be running.
RoslynAnalysisRunner has terminated.
Mono: successfully reloaded assembly
- Completed reload, in  0.832 seconds
Platform modules already initialized, skipping
Refreshing native plugins compatible for Editor in 0.21 ms, found 0 plugins.
Preloading 0 native plugins for Editor in 0.00 ms.
Unloading 1260 Unused Serialized files (Serialized files now loaded: 0)
System memory in use before: 84.4 MB.
System memory in use after: 84.5 MB.

Unloading 6 unused Assets to reduce memory usage. Loaded Objects now: 1890.
Total: 1.792200 ms (FindLiveObjects: 0.164100 ms CreateObjectMapping: 0.033900 ms MarkObjects: 1.532900 ms  DeleteObjects: 0.060300 ms)

========================================================================
Received Prepare
Registering precompiled user dll's ...
Registered in 0.000927 seconds.
Begin MonoManager ReloadAssembly
Native extension for WindowsStandalone target not found
Native extension for OSXStandalone target not found
Native extension for WebGL target not found
Refreshing native plugins compatible for Editor in 0.23 ms, found 0 plugins.
Preloading 0 native plugins for Editor in 0.00 ms.
Invoked RoslynAnalysisRunner static constructor.
RoslynAnalysisRunner will not be running.
RoslynAnalysisRunner has terminated.
Mono: successfully reloaded assembly
- Completed reload, in  0.819 seconds
Platform modules already initialized, skipping
Refreshing native plugins compatible for Editor in 0.23 ms, found 0 plugins.
Preloading 0 native plugins for Editor in 0.00 ms.
Unloading 1260 Unused Serialized files (Serialized files now loaded: 0)
System memory in use before: 84.4 MB.
System memory in use after: 84.5 MB.

Unloading 6 unused Assets to reduce memory usage. Loaded Objects now: 1893.
Total: 1.828100 ms (FindLiveObjects: 0.178000 ms CreateObjectMapping: 0.042200 ms MarkObjects: 1.545000 ms  DeleteObjects: 0.061800 ms)

========================================================================
Received Prepare
Registering precompiled user dll's ...
Registered in 0.000758 seconds.
Begin MonoManager ReloadAssembly
Native extension for WindowsStandalone target not found
Native extension for OSXStandalone target not found
Native extension for WebGL target not found
Refreshing native plugins compatible for Editor in 0.24 ms, found 0 plugins.
Preloading 0 native plugins for Editor in 0.00 ms.
Invoked RoslynAnalysisRunner static constructor.
RoslynAnalysisRunner will not be running.
RoslynAnalysisRunner has terminated.
Mono: successfully reloaded assembly
- Completed reload, in  0.819 seconds
Platform modules already initialized, skipping
Refreshing native plugins compatible for Editor in 0.22 ms, found 0 plugins.
Preloading 0 native plugins for Editor in 0.00 ms.
Unloading 1260 Unused Serialized files (Serialized files now loaded: 0)
System memory in use before: 84.4 MB.
System memory in use after: 84.5 MB.

Unloading 6 unused Assets to reduce memory usage. Loaded Objects now: 1896.
Total: 1.768100 ms (FindLiveObjects: 0.211900 ms CreateObjectMapping: 0.033500 ms MarkObjects: 1.459700 ms  DeleteObjects: 0.062100 ms)

========================================================================
Received Prepare
Registering precompiled user dll's ...
Registered in 0.000826 seconds.
Begin MonoManager ReloadAssembly
Native extension for WindowsStandalone target not found
Native extension for OSXStandalone target not found
Native extension for WebGL target not found
Refreshing native plugins compatible for Editor in 0.24 ms, found 0 plugins.
Preloading 0 native plugins for Editor in 0.00 ms.
Invoked RoslynAnalysisRunner static constructor.
RoslynAnalysisRunner will not be running.
RoslynAnalysisRunner has terminated.
Mono: successfully reloaded assembly
- Completed reload, in  0.828 seconds
Platform modules already initialized, skipping
Refreshing native plugins compatible for Editor in 0.22 ms, found 0 plugins.
Preloading 0 native plugins for Editor in 0.00 ms.
Unloading 1260 Unused Serialized files (Serialized files now loaded: 0)
System memory in use before: 84.4 MB.
System memory in use after: 84.5 MB.

Unloading 6 unused Assets to reduce memory usage. Loaded Objects now: 1899.
Total: 2.636400 ms (FindLiveObjects: 0.264400 ms CreateObjectMapping: 0.044400 ms MarkObjects: 2.243300 ms  DeleteObjects: 0.083100 ms)

========================================================================
Received Import Request.
  Time since last request: 718.601357 seconds.
  path: Assets/Materials/Line.mat
  artifactKey: Guid(0c586bcdae721514583dda7eccbd1da4) Importer(815301076,1909f56bfc062723c751e8b465ee728b)
Start importing Assets/Materials/Line.mat using Guid(0c586bcdae721514583dda7eccbd1da4) Importer(815301076,1909f56bfc062723c751e8b465ee728b)  -> (artifact id: '760af94d33a4131c255d67304d562bf6') in 0.065002 seconds
  Import took 0.067507 seconds .

========================================================================
Received Import Request.
  Time since last request: 69.040744 seconds.
  path: Assets/Materials/roller.mat
  artifactKey: Guid(16bbd4e557cb6a148a6b01035df85a6e) Importer(815301076,1909f56bfc062723c751e8b465ee728b)
Start importing Assets/Materials/roller.mat using Guid(16bbd4e557cb6a148a6b01035df85a6e) Importer(815301076,1909f56bfc062723c751e8b465ee728b)  -> (artifact id: 'ebc309229648d18198afe96a036d2a98') in 0.013480 seconds
  Import took 0.015741 seconds .

========================================================================
Received Prepare
Registering precompiled user dll's ...
Registered in 0.000850 seconds.
Begin MonoManager ReloadAssembly
Native extension for WindowsStandalone target not found
Native extension for OSXStandalone target not found
Native extension for WebGL target not found
Refreshing native plugins compatible for Editor in 0.39 ms, found 0 plugins.
Preloading 0 native plugins for Editor in 0.00 ms.
Invoked RoslynAnalysisRunner static constructor.
RoslynAnalysisRunner will not be running.
RoslynAnalysisRunner has terminated.
Mono: successfully reloaded assembly
- Completed reload, in  0.908 seconds
Platform modules already initialized, skipping
Refreshing native plugins compatible for Editor in 0.23 ms, found 0 plugins.
Preloading 0 native plugins for Editor in 0.00 ms.
Unloading 1260 Unused Serialized files (Serialized files now loaded: 0)
System memory in use before: 84.5 MB.
System memory in use after: 84.5 MB.

Unloading 6 unused Assets to reduce memory usage. Loaded Objects now: 1903.
Total: 2.804400 ms (FindLiveObjects: 0.351800 ms CreateObjectMapping: 0.057100 ms MarkObjects: 2.291000 ms  DeleteObjects: 0.102100 ms)

========================================================================
Received Prepare
Registering precompiled user dll's ...
Registered in 0.000832 seconds.
Begin MonoManager ReloadAssembly
Native extension for WindowsStandalone target not found
Native extension for OSXStandalone target not found
Native extension for WebGL target not found
Refreshing native plugins compatible for Editor in 0.43 ms, found 0 plugins.
Preloading 0 native plugins for Editor in 0.00 ms.
Invoked RoslynAnalysisRunner static constructor.
RoslynAnalysisRunner will not be running.
RoslynAnalysisRunner has terminated.
Mono: successfully reloaded assembly
- Completed reload, in  0.902 seconds
Platform modules already initialized, skipping
Refreshing native plugins compatible for Editor in 0.37 ms, found 0 plugins.
Preloading 0 native plugins for Editor in 0.00 ms.
Unloading 1260 Unused Serialized files (Serialized files now loaded: 0)
System memory in use before: 84.5 MB.
System memory in use after: 84.6 MB.

Unloading 6 unused Assets to reduce memory usage. Loaded Objects now: 1906.
Total: 3.682100 ms (FindLiveObjects: 0.569200 ms CreateObjectMapping: 0.156100 ms MarkObjects: 2.853500 ms  DeleteObjects: 0.101500 ms)

========================================================================
Received Import Request.
  Time since last request: 578.675228 seconds.
  path: Assets/Prefabs
  artifactKey: Guid(151e5528eab064b46ae025969382ddde) Importer(815301076,1909f56bfc062723c751e8b465ee728b)
Start importing Assets/Prefabs using Guid(151e5528eab064b46ae025969382ddde) Importer(815301076,1909f56bfc062723c751e8b465ee728b)  -> (artifact id: 'da0d17622937cbebfdcb68722e487f44') in 0.012852 seconds
  Import took 0.015703 seconds .

========================================================================
Received Import Request.
  Time since last request: 6.182853 seconds.
  path: Assets/Scenes
  artifactKey: Guid(d21ee8c134ef35c4da1d2a67d6af9c8c) Importer(815301076,1909f56bfc062723c751e8b465ee728b)
Start importing Assets/Scenes using Guid(d21ee8c134ef35c4da1d2a67d6af9c8c) Importer(815301076,1909f56bfc062723c751e8b465ee728b)  -> (artifact id: '831e0b2288588a107a1232860b04ae70') in 0.008422 seconds
  Import took 0.011708 seconds .

========================================================================
Received Import Request.
  Time since last request: 9.472373 seconds.
  path: Assets/Scenes/SampleScene.unity
  artifactKey: Guid(9fc0d4010bbf28b4594072e72b8655ab) Importer(815301076,1909f56bfc062723c751e8b465ee728b)
Start importing Assets/Scenes/SampleScene.unity using Guid(9fc0d4010bbf28b4594072e72b8655ab) Importer(815301076,1909f56bfc062723c751e8b465ee728b)  -> (artifact id: '9a0c7bd3eade52b464e03a3fa19ccb01') in 0.017198 seconds
  Import took 0.019791 seconds .

========================================================================
Received Import Request.
  Time since last request: 0.000607 seconds.
  path: Assets/Scenes/SampleScene.unity
  artifactKey: Guid(9fc0d4010bbf28b4594072e72b8655ab) Importer(815301076,1909f56bfc062723c751e8b465ee728b)
Start importing Assets/Scenes/SampleScene.unity using Guid(9fc0d4010bbf28b4594072e72b8655ab) Importer(815301076,1909f56bfc062723c751e8b465ee728b)  -> (artifact id: '9a0c7bd3eade52b464e03a3fa19ccb01') in 0.003660 seconds
  Import took 0.007111 seconds .

========================================================================
Received Import Request.
  Time since last request: 143.148472 seconds.
  path: Assets/Prefabs/Spinner.prefab
  artifactKey: Guid(fcb07106ccb33574aa15bd63f5b60d16) Importer(815301076,1909f56bfc062723c751e8b465ee728b)
Start importing Assets/Prefabs/Spinner.prefab using Guid(fcb07106ccb33574aa15bd63f5b60d16) Importer(815301076,1909f56bfc062723c751e8b465ee728b)  -> (artifact id: 'c3d582281c47690a9735aff5c5c45f10') in 0.061452 seconds
  Import took 0.064656 seconds .

========================================================================
Received Import Request.
  Time since last request: 0.024666 seconds.
  path: Assets/Prefabs/Spinner.prefab
  artifactKey: Guid(fcb07106ccb33574aa15bd63f5b60d16) Importer(815301076,1909f56bfc062723c751e8b465ee728b)
Start importing Assets/Prefabs/Spinner.prefab using Guid(fcb07106ccb33574aa15bd63f5b60d16) Importer(815301076,1909f56bfc062723c751e8b465ee728b)  -> (artifact id: 'c3d582281c47690a9735aff5c5c45f10') in 0.010408 seconds
  Import took 0.013631 seconds .

========================================================================
Received Import Request.
  Time since last request: 5.115076 seconds.
  path: Assets/Prefabs/ObstacleDropper.prefab
  artifactKey: Guid(e3729d7c7189de943a5e510870a71fc4) Importer(815301076,1909f56bfc062723c751e8b465ee728b)
Start importing Assets/Prefabs/ObstacleDropper.prefab using Guid(e3729d7c7189de943a5e510870a71fc4) Importer(815301076,1909f56bfc062723c751e8b465ee728b)  -> (artifact id: 'eb5fd6c7539f74b45ab7ebb5072f5480') in 0.020786 seconds
  Import took 0.024251 seconds .

========================================================================
Received Import Request.
  Time since last request: 0.021122 seconds.
  path: Assets/Prefabs/ObstacleDropper.prefab
  artifactKey: Guid(e3729d7c7189de943a5e510870a71fc4) Importer(815301076,1909f56bfc062723c751e8b465ee728b)
Start importing Assets/Prefabs/ObstacleDropper.prefab using Guid(e3729d7c7189de943a5e510870a71fc4) Importer(815301076,1909f56bfc062723c751e8b465ee728b)  -> (artifact id: 'eb5fd6c7539f74b45ab7ebb5072f5480') in 0.016511 seconds
  Import took 0.018993 seconds .

========================================================================
Received Import Request.
  Time since last request: 2.113373 seconds.
  path: Assets/Prefabs/Obstacle1.prefab
  artifactKey: Guid(a50214e49c37d2e408509517d1704ec0) Importer(815301076,1909f56bfc062723c751e8b465ee728b)
Start importing Assets/Prefabs/Obstacle1.prefab using Guid(a50214e49c37d2e408509517d1704ec0) Importer(815301076,1909f56bfc062723c751e8b465ee728b)  -> (artifact id: '91dfcbc922cad1e94693eef8ed0c358a') in 0.022833 seconds
  Import took 0.025649 seconds .

========================================================================
Received Import Request.
  Time since last request: 3.178440 seconds.
  path: Assets/Prefabs/Wall1.prefab
  artifactKey: Guid(15d74d1f50af2b54a84530927910de76) Importer(815301076,1909f56bfc062723c751e8b465ee728b)
Start importing Assets/Prefabs/Wall1.prefab using Guid(15d74d1f50af2b54a84530927910de76) Importer(815301076,1909f56bfc062723c751e8b465ee728b)  -> (artifact id: 'dbcd53b3d7512d6863a61233f217a6ad') in 0.021334 seconds
  Import took 0.024121 seconds .

========================================================================
Received Import Request.
  Time since last request: 0.006959 seconds.
  path: Assets/Prefabs/Wall1.prefab
  artifactKey: Guid(15d74d1f50af2b54a84530927910de76) Importer(815301076,1909f56bfc062723c751e8b465ee728b)
Start importing Assets/Prefabs/Wall1.prefab using Guid(15d74d1f50af2b54a84530927910de76) Importer(815301076,1909f56bfc062723c751e8b465ee728b)  -> (artifact id: 'dbcd53b3d7512d6863a61233f217a6ad') in 0.019000 seconds
  Import took 0.022161 seconds .

========================================================================
Received Import Request.
  Time since last request: 3.572166 seconds.
  path: Assets/Prefabs/Ramp.prefab
  artifactKey: Guid(ecd06ba801a1da24da952ce391a4117e) Importer(815301076,1909f56bfc062723c751e8b465ee728b)
Start importing Assets/Prefabs/Ramp.prefab using Guid(ecd06ba801a1da24da952ce391a4117e) Importer(815301076,1909f56bfc062723c751e8b465ee728b)  -> (artifact id: 'a4604b0b08b44f57016e893813b36d95') in 0.015228 seconds
  Import took 0.017648 seconds .

========================================================================
Received Import Request.
  Time since last request: 0.012341 seconds.
  path: Assets/Prefabs/Ramp.prefab
  artifactKey: Guid(ecd06ba801a1da24da952ce391a4117e) Importer(815301076,1909f56bfc062723c751e8b465ee728b)
Start importing Assets/Prefabs/Ramp.prefab using Guid(ecd06ba801a1da24da952ce391a4117e) Importer(815301076,1909f56bfc062723c751e8b465ee728b)  -> (artifact id: 'a4604b0b08b44f57016e893813b36d95') in 0.013266 seconds
  Import took 0.015813 seconds .

========================================================================
Received Import Request.
  Time since last request: 2.380442 seconds.
  path: Assets/Prefabs/Roller.prefab
  artifactKey: Guid(9605f35826fab844d9971ba2adb42d61) Importer(815301076,1909f56bfc062723c751e8b465ee728b)
Start importing Assets/Prefabs/Roller.prefab using Guid(9605f35826fab844d9971ba2adb42d61) Importer(815301076,1909f56bfc062723c751e8b465ee728b)  -> (artifact id: '6ca866aa57e3a2333020c7280a0d0d1f') in 0.021676 seconds
  Import took 0.024775 seconds .

========================================================================
Received Import Request.
  Time since last request: 0.013232 seconds.
  path: Assets/Prefabs/Roller.prefab
  artifactKey: Guid(9605f35826fab844d9971ba2adb42d61) Importer(815301076,1909f56bfc062723c751e8b465ee728b)
Start importing Assets/Prefabs/Roller.prefab using Guid(9605f35826fab844d9971ba2adb42d61) Importer(815301076,1909f56bfc062723c751e8b465ee728b)  -> (artifact id: '6ca866aa57e3a2333020c7280a0d0d1f') in 0.015306 seconds
  Import took 0.018427 seconds .

========================================================================
Received Import Request.
  Time since last request: 2.479523 seconds.
  path: Assets/Prefabs/Player.prefab
  artifactKey: Guid(84867efb58b217845a7b4115749234b8) Importer(815301076,1909f56bfc062723c751e8b465ee728b)
Start importing Assets/Prefabs/Player.prefab using Guid(84867efb58b217845a7b4115749234b8) Importer(815301076,1909f56bfc062723c751e8b465ee728b)  -> (artifact id: '59c52a3c42073534f983fef5d58ae5b0') in 0.022775 seconds
  Import took 0.025235 seconds .

========================================================================
Received Import Request.
  Time since last request: 0.016217 seconds.
  path: Assets/Prefabs/Player.prefab
  artifactKey: Guid(84867efb58b217845a7b4115749234b8) Importer(815301076,1909f56bfc062723c751e8b465ee728b)
Start importing Assets/Prefabs/Player.prefab using Guid(84867efb58b217845a7b4115749234b8) Importer(815301076,1909f56bfc062723c751e8b465ee728b)  -> (artifact id: '59c52a3c42073534f983fef5d58ae5b0') in 0.018318 seconds
  Import took 0.021939 seconds .

========================================================================
Received Prepare
Registering precompiled user dll's ...
Registered in 0.000988 seconds.
Begin MonoManager ReloadAssembly
Native extension for WindowsStandalone target not found
Native extension for OSXStandalone target not found
Native extension for WebGL target not found
Refreshing native plugins compatible for Editor in 0.33 ms, found 0 plugins.
Preloading 0 native plugins for Editor in 0.00 ms.
Invoked RoslynAnalysisRunner static constructor.
RoslynAnalysisRunner will not be running.
RoslynAnalysisRunner has terminated.
Mono: successfully reloaded assembly
- Completed reload, in  1.005 seconds
Platform modules already initialized, skipping
Refreshing native plugins compatible for Editor in 0.24 ms, found 0 plugins.
Preloading 0 native plugins for Editor in 0.00 ms.
Unloading 1260 Unused Serialized files (Serialized files now loaded: 0)
System memory in use before: 84.5 MB.
System memory in use after: 84.6 MB.

Unloading 6 unused Assets to reduce memory usage. Loaded Objects now: 1913.
Total: 2.137400 ms (FindLiveObjects: 0.191800 ms CreateObjectMapping: 0.033100 ms MarkObjects: 1.840100 ms  DeleteObjects: 0.071300 ms)

========================================================================
Received Prepare
Registering precompiled user dll's ...
Registered in 0.000741 seconds.
Begin MonoManager ReloadAssembly
Native extension for WindowsStandalone target not found
Native extension for OSXStandalone target not found
Native extension for WebGL target not found
Refreshing native plugins compatible for Editor in 0.33 ms, found 0 plugins.
Preloading 0 native plugins for Editor in 0.00 ms.
Invoked RoslynAnalysisRunner static constructor.
RoslynAnalysisRunner will not be running.
RoslynAnalysisRunner has terminated.
Mono: successfully reloaded assembly
- Completed reload, in  0.868 seconds
Platform modules already initialized, skipping
Refreshing native plugins compatible for Editor in 0.32 ms, found 0 plugins.
Preloading 0 native plugins for Editor in 0.00 ms.
Unloading 1260 Unused Serialized files (Serialized files now loaded: 0)
System memory in use before: 84.5 MB.
System memory in use after: 84.6 MB.

Unloading 6 unused Assets to reduce memory usage. Loaded Objects now: 1916.
Total: 2.119400 ms (FindLiveObjects: 0.375500 ms CreateObjectMapping: 0.055000 ms MarkObjects: 1.601600 ms  DeleteObjects: 0.086000 ms)

AssetImportWorkerClient::OnTransportError - code=2 error=End of file
